2023-09-30 10:25:38,089 - Configs:
2023-09-30 10:25:38,089 - name: SEATER_Books
2023-09-30 10:25:38,089 - description: default
2023-09-30 10:25:38,089 - workspace: ./wksp_0929
2023-09-30 10:25:38,089 - dataset_name: Books
2023-09-30 10:25:38,089 - use_gpu: True
2023-09-30 10:25:38,089 - gpu_id: 0
2023-09-30 10:25:38,089 - epochs: 60
2023-09-30 10:25:38,089 - num_workers: 32
2023-09-30 10:25:38,089 - tb: True
2023-09-30 10:25:38,089 - train_tb: True
2023-09-30 10:25:38,089 - verbose: False
2023-09-30 10:25:38,089 - model: SEATER
2023-09-30 10:25:38,089 - batch_size: 2048
2023-09-30 10:25:38,089 - test_batch_size: 256
2023-09-30 10:25:38,089 - vocab: 16
2023-09-30 10:25:38,089 - new_config: 
2023-09-30 10:25:38,090 - dataset: Books
2023-09-30 10:25:57,156 - model config:
2023-09-30 10:25:57,156 - lr: 0.001
2023-09-30 10:25:57,156 - min_lr: 0.001
2023-09-30 10:25:57,156 - weight_decay: 1e-05
2023-09-30 10:25:57,156 - es_patience: 4
2023-09-30 10:25:57,156 - embedding_dim: 64
2023-09-30 10:25:57,156 - d_model: 64
2023-09-30 10:25:57,156 - Encoder: {'N_layer': 1, 'nhead': 2, 'inner_dim': 256, 'dropout': 0.2}
2023-09-30 10:25:57,156 - Decoder: {'N_layer': 1, 'nhead': 2, 'inner_dim': 256, 'dropout': 0.2}
2023-09-30 10:25:57,156 - decoder_index: {'vocab_size': 16, 'embedding_dim': 64, 'tree_nodes_num': 437890, 'max_len': 6}
2023-09-30 10:25:57,156 - rk_weight: 0.05
2023-09-30 10:25:57,156 - rk_num_neg: 4
2023-09-30 10:25:57,156 - rk_margin: 0.001
2023-09-30 10:25:57,156 - rk_act: sigmoid
2023-09-30 10:25:57,157 - sm_temp: 0.2
2023-09-30 10:25:57,157 - sm_weight: 0.05
2023-09-30 10:25:57,157 - item_num: 367983
2023-09-30 10:25:57,157 - max_reco_his: 20
2023-09-30 10:26:35,485 - learning rate : 0.001
2023-09-30 10:34:11,813 - epoch 0:  decode loss = 2.617671688495418, rk loss = 0.007345555093169176, sm loss = 8.575295657414047
2023-09-30 10:34:34,599 - VALIDATION epoch: 0, results: {'ndcg@20': 0.013, 'ndcg@50': 0.0179, 'hit@20': 0.0597, 'hit@50': 0.1013, 'recall@20': 0.0247, 'recall@50': 0.0443}
2023-09-30 10:34:35,460 - save ckpt at epoch 0
2023-09-30 10:34:35,461 - learning rate : 0.001
2023-09-30 10:42:11,363 - epoch 1:  decode loss = 2.359927720355343, rk loss = 0.006690820855301471, sm loss = 7.4365481367562545
2023-09-30 10:42:33,945 - VALIDATION epoch: 1, results: {'ndcg@20': 0.0231, 'ndcg@50': 0.0308, 'hit@20': 0.0975, 'hit@50': 0.1578, 'recall@20': 0.0419, 'recall@50': 0.0724}
2023-09-30 10:42:34,768 - save ckpt at epoch 1
2023-09-30 10:42:34,768 - learning rate : 0.001
2023-09-30 10:50:11,374 - epoch 2:  decode loss = 2.2500681524588373, rk loss = 0.0064568061849434, sm loss = 6.736965376000697
2023-09-30 10:50:33,828 - VALIDATION epoch: 2, results: {'ndcg@20': 0.0274, 'ndcg@50': 0.0358, 'hit@20': 0.1119, 'hit@50': 0.1767, 'recall@20': 0.0497, 'recall@50': 0.0827}
2023-09-30 10:50:34,653 - save ckpt at epoch 2
2023-09-30 10:50:34,653 - learning rate : 0.001
2023-09-30 10:58:11,188 - epoch 3:  decode loss = 2.185861340340985, rk loss = 0.006158843360607728, sm loss = 6.359123100055531
2023-09-30 10:58:34,804 - VALIDATION epoch: 3, results: {'ndcg@20': 0.0305, 'ndcg@50': 0.0396, 'hit@20': 0.1231, 'hit@50': 0.1906, 'recall@20': 0.055, 'recall@50': 0.0908}
2023-09-30 10:58:35,648 - save ckpt at epoch 3
2023-09-30 10:58:35,648 - learning rate : 0.001
2023-09-30 11:06:11,474 - epoch 4:  decode loss = 2.141859425220595, rk loss = 0.00587836397859281, sm loss = 6.127558819721576
2023-09-30 11:06:34,894 - VALIDATION epoch: 4, results: {'ndcg@20': 0.0338, 'ndcg@50': 0.0434, 'hit@20': 0.1321, 'hit@50': 0.2028, 'recall@20': 0.0594, 'recall@50': 0.0973}
2023-09-30 11:06:35,744 - save ckpt at epoch 4
2023-09-30 11:06:35,745 - learning rate : 0.001
2023-09-30 11:14:12,304 - epoch 5:  decode loss = 2.1090146032385446, rk loss = 0.005652940909402463, sm loss = 5.972829155259093
2023-09-30 11:14:35,920 - VALIDATION epoch: 5, results: {'ndcg@20': 0.0374, 'ndcg@50': 0.0475, 'hit@20': 0.142, 'hit@50': 0.2153, 'recall@20': 0.0652, 'recall@50': 0.1052}
2023-09-30 11:14:36,734 - save ckpt at epoch 5
2023-09-30 11:14:36,735 - learning rate : 0.001
2023-09-30 11:22:12,910 - epoch 6:  decode loss = 2.0832015592007926, rk loss = 0.005470871953709092, sm loss = 5.86313989348968
2023-09-30 11:22:36,461 - VALIDATION epoch: 6, results: {'ndcg@20': 0.0398, 'ndcg@50': 0.0503, 'hit@20': 0.1488, 'hit@50': 0.2242, 'recall@20': 0.0687, 'recall@50': 0.1099}
2023-09-30 11:22:37,289 - save ckpt at epoch 6
2023-09-30 11:22:37,290 - learning rate : 0.001
2023-09-30 11:30:12,637 - epoch 7:  decode loss = 2.0623585294197144, rk loss = 0.005323995245702464, sm loss = 5.781205763013435
2023-09-30 11:30:36,043 - VALIDATION epoch: 7, results: {'ndcg@20': 0.0419, 'ndcg@50': 0.0521, 'hit@20': 0.1529, 'hit@50': 0.2265, 'recall@20': 0.0717, 'recall@50': 0.1119}
2023-09-30 11:30:36,863 - save ckpt at epoch 7
2023-09-30 11:30:36,863 - learning rate : 0.001
2023-09-30 11:38:12,418 - epoch 8:  decode loss = 2.045142060240248, rk loss = 0.00520566175979582, sm loss = 5.71767967151731
2023-09-30 11:38:35,916 - VALIDATION epoch: 8, results: {'ndcg@20': 0.0423, 'ndcg@50': 0.0527, 'hit@20': 0.1559, 'hit@50': 0.2301, 'recall@20': 0.073, 'recall@50': 0.1141}
2023-09-30 11:38:36,720 - save ckpt at epoch 8
2023-09-30 11:38:36,721 - learning rate : 0.001
2023-09-30 11:46:11,729 - epoch 9:  decode loss = 2.0306860401136566, rk loss = 0.005109752790221616, sm loss = 5.666947310770958
2023-09-30 11:46:35,176 - VALIDATION epoch: 9, results: {'ndcg@20': 0.0442, 'ndcg@50': 0.055, 'hit@20': 0.1586, 'hit@50': 0.234, 'recall@20': 0.0748, 'recall@50': 0.1169}
2023-09-30 11:46:35,998 - save ckpt at epoch 9
2023-09-30 11:46:35,999 - learning rate : 0.001
2023-09-30 11:54:12,175 - epoch 10:  decode loss = 2.0183752452940182, rk loss = 0.005029362513269358, sm loss = 5.625519600994675
2023-09-30 11:54:35,587 - VALIDATION epoch: 10, results: {'ndcg@20': 0.0456, 'ndcg@50': 0.0563, 'hit@20': 0.1628, 'hit@50': 0.2377, 'recall@20': 0.0768, 'recall@50': 0.1188}
2023-09-30 11:54:36,415 - save ckpt at epoch 10
2023-09-30 11:54:36,415 - learning rate : 0.001
2023-09-30 12:02:12,072 - epoch 11:  decode loss = 2.007770240734259, rk loss = 0.004962276628145921, sm loss = 5.591047164517527
2023-09-30 12:02:35,457 - VALIDATION epoch: 11, results: {'ndcg@20': 0.0445, 'ndcg@50': 0.0554, 'hit@20': 0.1606, 'hit@50': 0.2382, 'recall@20': 0.0758, 'recall@50': 0.1185}
2023-09-30 12:02:35,458 - learning rate : 0.001
2023-09-30 12:10:10,943 - epoch 12:  decode loss = 1.9984832283317786, rk loss = 0.004905080872293593, sm loss = 5.562139757045544
2023-09-30 12:10:34,461 - VALIDATION epoch: 12, results: {'ndcg@20': 0.0456, 'ndcg@50': 0.0567, 'hit@20': 0.1623, 'hit@50': 0.2413, 'recall@20': 0.0764, 'recall@50': 0.1202}
2023-09-30 12:10:35,320 - save ckpt at epoch 12
2023-09-30 12:10:35,321 - learning rate : 0.001
2023-09-30 12:18:10,415 - epoch 13:  decode loss = 1.9902582722914335, rk loss = 0.0048557687290180064, sm loss = 5.537652611748183
2023-09-30 12:18:32,968 - VALIDATION epoch: 13, results: {'ndcg@20': 0.0469, 'ndcg@50': 0.058, 'hit@20': 0.1659, 'hit@50': 0.244, 'recall@20': 0.0784, 'recall@50': 0.1223}
2023-09-30 12:18:33,825 - save ckpt at epoch 13
2023-09-30 12:18:33,826 - learning rate : 0.001
2023-09-30 12:26:11,152 - epoch 14:  decode loss = 1.9828594075707817, rk loss = 0.0048139648005655206, sm loss = 5.516771935766971
2023-09-30 12:26:34,729 - VALIDATION epoch: 14, results: {'ndcg@20': 0.048, 'ndcg@50': 0.0592, 'hit@20': 0.17, 'hit@50': 0.2493, 'recall@20': 0.0804, 'recall@50': 0.1245}
2023-09-30 12:26:35,590 - save ckpt at epoch 14
2023-09-30 12:26:35,590 - learning rate : 0.001
2023-09-30 12:34:10,614 - epoch 15:  decode loss = 1.976170698758936, rk loss = 0.004778288652294222, sm loss = 5.498756094864892
2023-09-30 12:34:33,928 - VALIDATION epoch: 15, results: {'ndcg@20': 0.0477, 'ndcg@50': 0.0588, 'hit@20': 0.1686, 'hit@50': 0.2464, 'recall@20': 0.08, 'recall@50': 0.1235}
2023-09-30 12:34:33,929 - learning rate : 0.001
2023-09-30 12:42:08,516 - epoch 16:  decode loss = 1.9701035313571955, rk loss = 0.004747834880218771, sm loss = 5.483047785122476
2023-09-30 12:42:31,939 - VALIDATION epoch: 16, results: {'ndcg@20': 0.0487, 'ndcg@50': 0.0599, 'hit@20': 0.1706, 'hit@50': 0.249, 'recall@20': 0.0814, 'recall@50': 0.1253}
2023-09-30 12:42:32,766 - save ckpt at epoch 16
2023-09-30 12:42:32,767 - learning rate : 0.001
2023-09-30 12:50:07,364 - epoch 17:  decode loss = 1.9645659358850034, rk loss = 0.0047212135182502606, sm loss = 5.469223822004961
2023-09-30 12:50:30,620 - VALIDATION epoch: 17, results: {'ndcg@20': 0.0496, 'ndcg@50': 0.0608, 'hit@20': 0.1716, 'hit@50': 0.2507, 'recall@20': 0.0821, 'recall@50': 0.1258}
2023-09-30 12:50:31,416 - save ckpt at epoch 17
2023-09-30 12:50:31,416 - learning rate : 0.001
2023-09-30 12:58:07,141 - epoch 18:  decode loss = 1.9594862632309071, rk loss = 0.004697539185290281, sm loss = 5.456978051243576
2023-09-30 12:58:30,394 - VALIDATION epoch: 18, results: {'ndcg@20': 0.0494, 'ndcg@50': 0.0607, 'hit@20': 0.1717, 'hit@50': 0.2505, 'recall@20': 0.0826, 'recall@50': 0.1268}
2023-09-30 12:58:31,246 - save ckpt at epoch 18
2023-09-30 12:58:31,246 - learning rate : 0.001
2023-09-30 13:06:06,295 - epoch 19:  decode loss = 1.9548192473372288, rk loss = 0.004677600747548341, sm loss = 5.446057332866237
2023-09-30 13:06:29,475 - VALIDATION epoch: 19, results: {'ndcg@20': 0.0497, 'ndcg@50': 0.061, 'hit@20': 0.1732, 'hit@50': 0.2517, 'recall@20': 0.0826, 'recall@50': 0.1268}
2023-09-30 13:06:29,476 - learning rate : 0.001
2023-09-30 13:14:04,326 - epoch 20:  decode loss = 1.9505080083055235, rk loss = 0.004660547512500189, sm loss = 5.436278572523392
2023-09-30 13:14:27,646 - VALIDATION epoch: 20, results: {'ndcg@20': 0.0504, 'ndcg@50': 0.0621, 'hit@20': 0.1749, 'hit@50': 0.2569, 'recall@20': 0.0832, 'recall@50': 0.1295}
2023-09-30 13:14:28,510 - save ckpt at epoch 20
2023-09-30 13:14:28,510 - learning rate : 0.001
2023-09-30 13:22:04,275 - epoch 21:  decode loss = 1.946517517087166, rk loss = 0.00464522531813731, sm loss = 5.427488927122614
2023-09-30 13:22:27,640 - VALIDATION epoch: 21, results: {'ndcg@20': 0.0512, 'ndcg@50': 0.0625, 'hit@20': 0.1765, 'hit@50': 0.2555, 'recall@20': 0.0848, 'recall@50': 0.1292}
2023-09-30 13:22:27,641 - learning rate : 0.001
2023-09-30 13:30:03,239 - epoch 22:  decode loss = 1.9428000450851044, rk loss = 0.0046321482527361705, sm loss = 5.4195776237477755
2023-09-30 13:30:26,503 - VALIDATION epoch: 22, results: {'ndcg@20': 0.0507, 'ndcg@50': 0.062, 'hit@20': 0.1757, 'hit@50': 0.2546, 'recall@20': 0.0844, 'recall@50': 0.129}
2023-09-30 13:30:26,504 - learning rate : 0.001
2023-09-30 13:38:00,553 - epoch 23:  decode loss = 1.9393243698574583, rk loss = 0.0046207145222006835, sm loss = 5.412427419709197
2023-09-30 13:38:24,799 - VALIDATION epoch: 23, results: {'ndcg@20': 0.05, 'ndcg@50': 0.0614, 'hit@20': 0.1742, 'hit@50': 0.2545, 'recall@20': 0.0833, 'recall@50': 0.1284}
2023-09-30 13:38:24,800 - learning rate : 0.001
2023-09-30 13:46:00,188 - epoch 24:  decode loss = 1.9360663986631017, rk loss = 0.004609743171015476, sm loss = 5.405949334588311
2023-09-30 13:46:23,515 - VALIDATION epoch: 24, results: {'ndcg@20': 0.0516, 'ndcg@50': 0.0631, 'hit@20': 0.179, 'hit@50': 0.2582, 'recall@20': 0.0858, 'recall@50': 0.1311}
2023-09-30 13:46:24,334 - save ckpt at epoch 24
2023-09-30 13:46:24,334 - learning rate : 0.001
2023-09-30 13:53:58,634 - epoch 25:  decode loss = 1.9329994357926847, rk loss = 0.0045990479462001575, sm loss = 5.4000603540175565
2023-09-30 13:54:21,751 - VALIDATION epoch: 25, results: {'ndcg@20': 0.0515, 'ndcg@50': 0.0628, 'hit@20': 0.178, 'hit@50': 0.2577, 'recall@20': 0.0859, 'recall@50': 0.1305}
2023-09-30 13:54:21,752 - learning rate : 0.001
2023-09-30 14:01:57,247 - epoch 26:  decode loss = 1.9301013692844742, rk loss = 0.0045889339095135295, sm loss = 5.39470172914286
2023-09-30 14:02:19,302 - VALIDATION epoch: 26, results: {'ndcg@20': 0.0521, 'ndcg@50': 0.0634, 'hit@20': 0.1802, 'hit@50': 0.2585, 'recall@20': 0.0864, 'recall@50': 0.1309}
2023-09-30 14:02:19,303 - learning rate : 0.001
2023-09-30 14:09:54,126 - epoch 27:  decode loss = 1.9273545849282974, rk loss = 0.004580045913976935, sm loss = 5.389820715580134
2023-09-30 14:10:18,150 - VALIDATION epoch: 27, results: {'ndcg@20': 0.0525, 'ndcg@50': 0.0641, 'hit@20': 0.1823, 'hit@50': 0.2619, 'recall@20': 0.0877, 'recall@50': 0.1333}
2023-09-30 14:10:18,984 - save ckpt at epoch 27
2023-09-30 14:10:18,985 - learning rate : 0.001
2023-09-30 14:17:54,445 - epoch 28:  decode loss = 1.9247361910885616, rk loss = 0.004571398068031414, sm loss = 5.385399263649892
2023-09-30 14:18:17,729 - VALIDATION epoch: 28, results: {'ndcg@20': 0.0525, 'ndcg@50': 0.0641, 'hit@20': 0.1806, 'hit@50': 0.2599, 'recall@20': 0.0868, 'recall@50': 0.1322}
2023-09-30 14:18:17,730 - learning rate : 0.001
2023-09-30 14:25:52,021 - epoch 29:  decode loss = 1.9222374707100163, rk loss = 0.004563075646410718, sm loss = 5.381328774050498
2023-09-30 14:26:15,152 - VALIDATION epoch: 29, results: {'ndcg@20': 0.0538, 'ndcg@50': 0.0652, 'hit@20': 0.1854, 'hit@50': 0.2637, 'recall@20': 0.0894, 'recall@50': 0.134}
2023-09-30 14:26:15,976 - save ckpt at epoch 29
2023-09-30 14:26:15,977 - learning rate : 0.001
2023-09-30 14:33:51,345 - epoch 30:  decode loss = 1.9198450369857778, rk loss = 0.004554911141445121, sm loss = 5.377596730931787
2023-09-30 14:34:14,601 - VALIDATION epoch: 30, results: {'ndcg@20': 0.0537, 'ndcg@50': 0.0655, 'hit@20': 0.1849, 'hit@50': 0.265, 'recall@20': 0.0889, 'recall@50': 0.1353}
2023-09-30 14:34:15,424 - save ckpt at epoch 30
2023-09-30 14:34:15,424 - learning rate : 0.001
2023-09-30 14:41:50,676 - epoch 31:  decode loss = 1.9175543949367466, rk loss = 0.0045472698617761735, sm loss = 5.374175090045103
2023-09-30 14:42:14,165 - VALIDATION epoch: 31, results: {'ndcg@20': 0.0541, 'ndcg@50': 0.066, 'hit@20': 0.1861, 'hit@50': 0.2676, 'recall@20': 0.0897, 'recall@50': 0.1366}
2023-09-30 14:42:14,991 - save ckpt at epoch 31
2023-09-30 14:42:14,992 - learning rate : 0.001
2023-09-30 14:49:51,352 - epoch 32:  decode loss = 1.915359915621675, rk loss = 0.00454071222100752, sm loss = 5.371034332558503
2023-09-30 14:50:14,565 - VALIDATION epoch: 32, results: {'ndcg@20': 0.0554, 'ndcg@50': 0.0672, 'hit@20': 0.1897, 'hit@50': 0.2703, 'recall@20': 0.0916, 'recall@50': 0.1378}
2023-09-30 14:50:15,438 - save ckpt at epoch 32
2023-09-30 14:50:15,439 - learning rate : 0.001
2023-09-30 14:57:50,647 - epoch 33:  decode loss = 1.9132517324580414, rk loss = 0.004534537801583938, sm loss = 5.368188685806072
2023-09-30 14:58:13,890 - VALIDATION epoch: 33, results: {'ndcg@20': 0.0555, 'ndcg@50': 0.0673, 'hit@20': 0.1883, 'hit@50': 0.2698, 'recall@20': 0.0914, 'recall@50': 0.1376}
2023-09-30 14:58:13,892 - learning rate : 0.001
2023-09-30 15:05:49,487 - epoch 34:  decode loss = 1.9112162683047573, rk loss = 0.004529279906230975, sm loss = 5.365608336550995
2023-09-30 15:06:12,615 - VALIDATION epoch: 34, results: {'ndcg@20': 0.0563, 'ndcg@50': 0.0682, 'hit@20': 0.193, 'hit@50': 0.2729, 'recall@20': 0.0932, 'recall@50': 0.1399}
2023-09-30 15:06:13,471 - save ckpt at epoch 34
2023-09-30 15:06:13,472 - learning rate : 0.001
2023-09-30 15:13:48,770 - epoch 35:  decode loss = 1.9092564967478802, rk loss = 0.004523857764619707, sm loss = 5.3632619754360205
2023-09-30 15:14:11,925 - VALIDATION epoch: 35, results: {'ndcg@20': 0.0563, 'ndcg@50': 0.0684, 'hit@20': 0.1913, 'hit@50': 0.2735, 'recall@20': 0.0923, 'recall@50': 0.1399}
2023-09-30 15:14:11,927 - learning rate : 0.001
2023-09-30 15:21:47,136 - epoch 36:  decode loss = 1.9073730219204377, rk loss = 0.004518520907097524, sm loss = 5.361112103810506
2023-09-30 15:22:10,543 - VALIDATION epoch: 36, results: {'ndcg@20': 0.0572, 'ndcg@50': 0.069, 'hit@20': 0.1933, 'hit@50': 0.2733, 'recall@20': 0.0935, 'recall@50': 0.1395}
2023-09-30 15:22:10,544 - learning rate : 0.001
2023-09-30 15:29:45,352 - epoch 37:  decode loss = 1.905558995748528, rk loss = 0.00451336280501093, sm loss = 5.359147019587667
2023-09-30 15:30:08,556 - VALIDATION epoch: 37, results: {'ndcg@20': 0.0571, 'ndcg@50': 0.0689, 'hit@20': 0.1939, 'hit@50': 0.2737, 'recall@20': 0.0937, 'recall@50': 0.1402}
2023-09-30 15:30:09,383 - save ckpt at epoch 37
2023-09-30 15:30:09,384 - learning rate : 0.001
2023-09-30 15:37:44,588 - epoch 38:  decode loss = 1.9038160606715484, rk loss = 0.004508876956844764, sm loss = 5.357349829425929
2023-09-30 15:38:07,787 - VALIDATION epoch: 38, results: {'ndcg@20': 0.0569, 'ndcg@50': 0.0687, 'hit@20': 0.1919, 'hit@50': 0.2724, 'recall@20': 0.0933, 'recall@50': 0.1396}
2023-09-30 15:38:07,789 - learning rate : 0.001
2023-09-30 15:45:42,572 - epoch 39:  decode loss = 1.9021353065610371, rk loss = 0.004505021641328636, sm loss = 5.355706298781746
2023-09-30 15:46:05,652 - VALIDATION epoch: 39, results: {'ndcg@20': 0.0574, 'ndcg@50': 0.0693, 'hit@20': 0.1936, 'hit@50': 0.2739, 'recall@20': 0.0942, 'recall@50': 0.141}
2023-09-30 15:46:06,478 - save ckpt at epoch 39
2023-09-30 15:46:06,479 - learning rate : 0.001
2023-09-30 15:53:40,947 - epoch 40:  decode loss = 1.9005140528700053, rk loss = 0.004501702458522496, sm loss = 5.354186717704791
2023-09-30 15:54:04,753 - VALIDATION epoch: 40, results: {'ndcg@20': 0.0573, 'ndcg@50': 0.0691, 'hit@20': 0.1929, 'hit@50': 0.2736, 'recall@20': 0.0941, 'recall@50': 0.1398}
2023-09-30 15:54:04,754 - learning rate : 0.001
2023-09-30 16:01:40,082 - epoch 41:  decode loss = 1.8989466331352045, rk loss = 0.0044979986529834525, sm loss = 5.352780074258836
2023-09-30 16:02:03,287 - VALIDATION epoch: 41, results: {'ndcg@20': 0.0581, 'ndcg@50': 0.07, 'hit@20': 0.1961, 'hit@50': 0.2764, 'recall@20': 0.0953, 'recall@50': 0.1421}
2023-09-30 16:02:04,172 - save ckpt at epoch 41
2023-09-30 16:02:04,174 - learning rate : 0.001
2023-09-30 16:09:39,735 - epoch 42:  decode loss = 1.8974319551395609, rk loss = 0.004494292348796612, sm loss = 5.35145792227268
2023-09-30 16:10:02,889 - VALIDATION epoch: 42, results: {'ndcg@20': 0.0575, 'ndcg@50': 0.0694, 'hit@20': 0.1934, 'hit@50': 0.2753, 'recall@20': 0.094, 'recall@50': 0.141}
2023-09-30 16:10:02,890 - learning rate : 0.001
2023-09-30 16:17:37,324 - epoch 43:  decode loss = 1.8959675332462746, rk loss = 0.004490949514760415, sm loss = 5.35022246947187
2023-09-30 16:18:00,441 - VALIDATION epoch: 43, results: {'ndcg@20': 0.0581, 'ndcg@50': 0.07, 'hit@20': 0.196, 'hit@50': 0.2771, 'recall@20': 0.0949, 'recall@50': 0.1419}
2023-09-30 16:18:00,443 - learning rate : 0.001
2023-09-30 16:25:35,796 - epoch 44:  decode loss = 1.8945498890281822, rk loss = 0.0044879968733674514, sm loss = 5.349070810175883
2023-09-30 16:25:58,942 - VALIDATION epoch: 44, results: {'ndcg@20': 0.0581, 'ndcg@50': 0.0698, 'hit@20': 0.1949, 'hit@50': 0.2752, 'recall@20': 0.0953, 'recall@50': 0.1414}
2023-09-30 16:25:58,944 - learning rate : 0.001
2023-09-30 16:33:33,370 - epoch 45:  decode loss = 1.8931788251774369, rk loss = 0.004485190866338973, sm loss = 5.3479781436010985
2023-09-30 16:33:57,041 - VALIDATION epoch: 45, results: {'ndcg@20': 0.0583, 'ndcg@50': 0.0701, 'hit@20': 0.1964, 'hit@50': 0.2768, 'recall@20': 0.095, 'recall@50': 0.1415}
2023-09-30 16:33:57,043 - learning rate : 0.001
2023-09-30 16:41:32,349 - epoch 46:  decode loss = 1.8918542113195513, rk loss = 0.004482568669947109, sm loss = 5.346937576668349
2023-09-30 16:41:55,680 - VALIDATION epoch: 46, results: {'ndcg@20': 0.0585, 'ndcg@50': 0.0703, 'hit@20': 0.1965, 'hit@50': 0.2779, 'recall@20': 0.0961, 'recall@50': 0.1426}
2023-09-30 16:41:56,503 - save ckpt at epoch 46
2023-09-30 16:41:56,504 - learning rate : 0.001
2023-09-30 16:49:31,714 - epoch 47:  decode loss = 1.8905734558515532, rk loss = 0.004480154819419928, sm loss = 5.3459526701320685
2023-09-30 16:49:54,949 - VALIDATION epoch: 47, results: {'ndcg@20': 0.0587, 'ndcg@50': 0.0709, 'hit@20': 0.1963, 'hit@50': 0.2792, 'recall@20': 0.0958, 'recall@50': 0.1436}
2023-09-30 16:49:55,808 - save ckpt at epoch 47
2023-09-30 16:49:55,808 - learning rate : 0.001
2023-09-30 16:57:32,102 - epoch 48:  decode loss = 1.889335716606441, rk loss = 0.004477990666521268, sm loss = 5.34501049485928
2023-09-30 16:57:55,419 - VALIDATION epoch: 48, results: {'ndcg@20': 0.0594, 'ndcg@50': 0.0713, 'hit@20': 0.1988, 'hit@50': 0.2802, 'recall@20': 0.0966, 'recall@50': 0.1436}
2023-09-30 16:57:55,420 - learning rate : 0.001
2023-09-30 17:05:30,805 - epoch 49:  decode loss = 1.888136694199041, rk loss = 0.004476107038200055, sm loss = 5.344122506964038
2023-09-30 17:05:54,263 - VALIDATION epoch: 49, results: {'ndcg@20': 0.0583, 'ndcg@50': 0.0703, 'hit@20': 0.1971, 'hit@50': 0.2781, 'recall@20': 0.0956, 'recall@50': 0.1429}
2023-09-30 17:05:54,264 - learning rate : 0.001
2023-09-30 17:13:30,330 - epoch 50:  decode loss = 1.8869756544514262, rk loss = 0.004474226500560946, sm loss = 5.343278854309939
2023-09-30 17:13:53,533 - VALIDATION epoch: 50, results: {'ndcg@20': 0.0593, 'ndcg@50': 0.0713, 'hit@20': 0.1989, 'hit@50': 0.2804, 'recall@20': 0.0969, 'recall@50': 0.1439}
2023-09-30 17:13:54,359 - save ckpt at epoch 50
2023-09-30 17:13:54,360 - learning rate : 0.001
2023-09-30 17:21:29,418 - epoch 51:  decode loss = 1.885853482052331, rk loss = 0.0044723613033423575, sm loss = 5.342480254475656
2023-09-30 17:21:52,615 - VALIDATION epoch: 51, results: {'ndcg@20': 0.0597, 'ndcg@50': 0.0716, 'hit@20': 0.2002, 'hit@50': 0.28, 'recall@20': 0.0983, 'recall@50': 0.1448}
2023-09-30 17:21:53,439 - save ckpt at epoch 51
2023-09-30 17:21:53,440 - learning rate : 0.001
2023-09-30 17:29:28,675 - epoch 52:  decode loss = 1.8847673757360135, rk loss = 0.004470354424550764, sm loss = 5.34171202303291
2023-09-30 17:29:51,868 - VALIDATION epoch: 52, results: {'ndcg@20': 0.0588, 'ndcg@50': 0.0707, 'hit@20': 0.1984, 'hit@50': 0.2791, 'recall@20': 0.0967, 'recall@50': 0.1437}
2023-09-30 17:29:51,869 - learning rate : 0.001
2023-09-30 17:37:27,160 - epoch 53:  decode loss = 1.88371519989272, rk loss = 0.004468530544687546, sm loss = 5.340980504933266
2023-09-30 17:37:50,484 - VALIDATION epoch: 53, results: {'ndcg@20': 0.0595, 'ndcg@50': 0.0714, 'hit@20': 0.1998, 'hit@50': 0.2809, 'recall@20': 0.0977, 'recall@50': 0.1441}
2023-09-30 17:37:50,485 - learning rate : 0.001
2023-09-30 17:45:25,572 - epoch 54:  decode loss = 1.8826961931132828, rk loss = 0.004466360516762347, sm loss = 5.340285214248393
2023-09-30 17:45:48,717 - VALIDATION epoch: 54, results: {'ndcg@20': 0.0591, 'ndcg@50': 0.0711, 'hit@20': 0.1971, 'hit@50': 0.2788, 'recall@20': 0.0962, 'recall@50': 0.1431}
2023-09-30 17:45:48,719 - learning rate : 0.001
2023-09-30 17:53:23,076 - epoch 55:  decode loss = 1.8817066521444252, rk loss = 0.004464343902255736, sm loss = 5.339623708191261
2023-09-30 17:53:46,700 - VALIDATION epoch: 55, results: {'ndcg@20': 0.0588, 'ndcg@50': 0.071, 'hit@20': 0.1972, 'hit@50': 0.2798, 'recall@20': 0.0963, 'recall@50': 0.1443}
2023-09-30 17:53:46,701 - learning rate : 0.001
2023-09-30 18:01:22,264 - epoch 56:  decode loss = 1.8807471750454559, rk loss = 0.004462655220707885, sm loss = 5.338989652158614
2023-09-30 18:01:45,865 - VALIDATION epoch: 56, results: {'ndcg@20': 0.0598, 'ndcg@50': 0.0716, 'hit@20': 0.1996, 'hit@50': 0.2801, 'recall@20': 0.0981, 'recall@50': 0.144}
2023-09-30 18:02:09,046 - TEST results :
2023-09-30 18:02:09,046 - VALIDATION epoch: test, results: {'ndcg@20': 0.0591, 'ndcg@50': 0.0713, 'hit@20': 0.2003, 'hit@50': 0.2822, 'recall@20': 0.0972, 'recall@50': 0.1447}
